<?xml version="1.0" encoding="UTF-8" ?>
<testsuite tests="7" failures="0" name="com.ivantsov.junit.lesson2.NamingTest" time="0.009" errors="0" skipped="0">
  <properties>
[...]
</properties>
  <testcase classname="com.ivantsov.junit.lesson2.NamingTest" name="test_given_TryToBuyACigarette_When_AgeLessThen18_Exect_IsAdultAsFalse" time="0.009"/>
  <testcase classname="com.ivantsov.junit.lesson2.NamingTest" name="testIsNotAnAdultIfAgeLessThen18" time="0"/>
  <testcase classname="com.ivantsov.junit.lesson2.NamingTest" name="test_isNotAnAdultIfAgeLessThen18" time="0"/>
  <testcase classname="com.ivantsov.junit.lesson2.NamingTest" name="test_isAdult_False_AgeLessThen18" time="0"/>
  <testcase classname="com.ivantsov.junit.lesson2.NamingTest" name="test_should_ReturnFalse_When_AgeLessThen18" time="0"/>
  <testcase classname="com.ivantsov.junit.lesson2.NamingTest" name="test_when_AgeLessThen18_Expect_isAdultAsFalse" time="0"/>
  <testcase classname="com.ivantsov.junit.lesson2.NamingTest" name="test_isAdult_AgeLessThen18_False" time="0"/>
</testsuite>